<?xml version="1.0" encoding="UTF-8"?>
<coverage generated="1784673341532" clover="3.2.0">
  <project timestamp="1784673341532" name="All files">
    <metrics statements="3" coveredstatements="3" conditionals="0" coveredconditionals="0" methods="3" coveredmethods="3" elements="6" coveredelements="6" complexity="0" loc="3" ncloc="3" packages="1" files="2" classes="2"/>
    <file name="Destinos.tsx" path="/Users/desarrolloweb2/Desktop/Empresas/varios/mip/ODM-landing/odm-landing-tuxpan/src/components/Destinos.tsx">
      <metrics statements="2" coveredstatements="2" conditionals="0" coveredconditionals="0" methods="2" coveredmethods="2"/>
      <line num="5" count="3" type="stmt"/>
      <line num="8" count="9" type="stmt"/>
    </file>
    <file name="Index.tsx" path="/Users/desarrolloweb2/Desktop/Empresas/varios/mip/ODM-landing/odm-landing-tuxpan/src/components/Index.tsx">
      <metrics statements="1" coveredstatements="1" conditionals="0" coveredconditionals="0" methods="1" coveredmethods="1"/>
      <line num="8" count="3" type="stmt"/>
    </file>
  </project>
</coverage>
