<?xml version="1.0" encoding="UTF-8"?>
<coverage generated="1784674289460" clover="3.2.0">
  <project timestamp="1784674289460" name="All files">
    <metrics statements="4" coveredstatements="4" conditionals="0" coveredconditionals="0" methods="4" coveredmethods="4" elements="8" coveredelements="8" complexity="0" loc="4" ncloc="4" packages="1" files="3" classes="3"/>
    <file name="Destinos.tsx" path="/Users/desarrolloweb2/Desktop/Empresas/varios/mip/ODM-landing/odm-landing-tuxpan/src/components/Destinos.tsx">
      <metrics statements="2" coveredstatements="2" conditionals="0" coveredconditionals="0" methods="2" coveredmethods="2"/>
      <line num="5" count="3" type="stmt"/>
      <line num="8" count="9" type="stmt"/>
    </file>
    <file name="Header.tsx" path="/Users/desarrolloweb2/Desktop/Empresas/varios/mip/ODM-landing/odm-landing-tuxpan/src/components/Header.tsx">
      <metrics statements="1" coveredstatements="1" conditionals="0" coveredconditionals="0" methods="1" coveredmethods="1"/>
      <line num="3" count="6" type="stmt"/>
    </file>
    <file name="Index.tsx" path="/Users/desarrolloweb2/Desktop/Empresas/varios/mip/ODM-landing/odm-landing-tuxpan/src/components/Index.tsx">
      <metrics statements="1" coveredstatements="1" conditionals="0" coveredconditionals="0" methods="1" coveredmethods="1"/>
      <line num="8" count="4" type="stmt"/>
    </file>
  </project>
</coverage>
