{"/Users/desarrolloweb2/Desktop/Empresas/varios/mip/ODM-landing/odm-landing-tuxpan/src/components/Destinos.tsx": {"path":"/Users/desarrolloweb2/Desktop/Empresas/varios/mip/ODM-landing/odm-landing-tuxpan/src/components/Destinos.tsx","statementMap":{"0":{"start":{"line":5,"column":2},"end":{"line":17,"column":null}},"1":{"start":{"line":8,"column":12},"end":{"line":15,"column":null}}},"fnMap":{"0":{"name":"Destinos","decl":{"start":{"line":3,"column":24},"end":{"line":3,"column":35}},"loc":{"start":{"line":3,"column":35},"end":{"line":20,"column":null}},"line":3},"1":{"name":"(anonymous_1)","decl":{"start":{"line":7,"column":22},"end":{"line":7,"column":26}},"loc":{"start":{"line":8,"column":12},"end":{"line":15,"column":null}},"line":8}},"branchMap":{},"s":{"0":3,"1":9},"f":{"0":3,"1":9},"b":{},"meta":{"lastBranch":0,"lastFunction":2,"lastStatement":2,"seen":{"f:3:24:3:35":0,"s:5:2:17:Infinity":0,"f:7:22:7:26":1,"s:8:12:15:Infinity":1},"fnNames":{}}}
,"/Users/desarrolloweb2/Desktop/Empresas/varios/mip/ODM-landing/odm-landing-tuxpan/src/components/Header.tsx": {"path":"/Users/desarrolloweb2/Desktop/Empresas/varios/mip/ODM-landing/odm-landing-tuxpan/src/components/Header.tsx","statementMap":{"0":{"start":{"line":3,"column":2},"end":{"line":21,"column":null}}},"fnMap":{"0":{"name":"Header","decl":{"start":{"line":2,"column":24},"end":{"line":2,"column":33}},"loc":{"start":{"line":2,"column":33},"end":{"line":23,"column":null}},"line":2}},"branchMap":{},"s":{"0":6},"f":{"0":6},"b":{},"meta":{"lastBranch":0,"lastFunction":1,"lastStatement":1,"seen":{"f:2:24:2:33":0,"s:3:2:21:Infinity":0},"fnNames":{}}}
,"/Users/desarrolloweb2/Desktop/Empresas/varios/mip/ODM-landing/odm-landing-tuxpan/src/components/Index.tsx": {"path":"/Users/desarrolloweb2/Desktop/Empresas/varios/mip/ODM-landing/odm-landing-tuxpan/src/components/Index.tsx","statementMap":{"0":{"start":{"line":8,"column":2},"end":{"line":59,"column":null}}},"fnMap":{"0":{"name":"Index","decl":{"start":{"line":7,"column":24},"end":{"line":7,"column":32}},"loc":{"start":{"line":7,"column":32},"end":{"line":61,"column":null}},"line":7}},"branchMap":{},"s":{"0":4},"f":{"0":4},"b":{},"meta":{"lastBranch":0,"lastFunction":1,"lastStatement":1,"seen":{"f:7:24:7:32":0,"s:8:2:59:Infinity":0},"fnNames":{}}}
}
